The target system is: Generic - 3.5.99 - arm
The host system is: Linux - 6.5.0-28-generic - x86_64
Compiling the C compiler identification source file "CMakeCCompilerId.c" succeeded.
Compiler: /home/hugo/ncs/toolchains/2be090971e/opt/zephyr-sdk/arm-zephyr-eabi/bin/arm-zephyr-eabi-gcc 
Build flags: 
Id flags: -c 

The output was:
0


Compilation of the C compiler identification source "CMakeCCompilerId.c" produced "CMakeCCompilerId.o"

The C compiler identification is GNU, found in "/home/hugo/Desktop/basic_01_c_ledbutInterrupt/build/CMakeFiles/3.21.0/CompilerIdC/CMakeCCompilerId.o"

Compiling the CXX compiler identification source file "CMakeCXXCompilerId.cpp" succeeded.
Compiler: /home/hugo/ncs/toolchains/2be090971e/opt/zephyr-sdk/arm-zephyr-eabi/bin/arm-zephyr-eabi-g++ 
Build flags: 
Id flags: -c 

The output was:
0


Compilation of the CXX compiler identification source "CMakeCXXCompilerId.cpp" produced "CMakeCXXCompilerId.o"

The CXX compiler identification is GNU, found in "/home/hugo/Desktop/basic_01_c_ledbutInterrupt/build/CMakeFiles/3.21.0/CompilerIdCXX/CMakeCXXCompilerId.o"

Checking whether the ASM compiler is GNU using "--version" matched "(GNU assembler)|(GCC)|(Free Software Foundation)":
arm-zephyr-eabi-gcc (Zephyr SDK 0.16.5) 12.2.0
Copyright (C) 2022 Free Software Foundation, Inc.
This is free software; see the source for copying conditions.  There is NO
warranty; not even for MERCHANTABILITY or FITNESS FOR A PARTICULAR PURPOSE.

Performing C SOURCE FILE Test check_C__nostartfiles__nostdlib__isystem___home_hugo_ncs_toolchains_2be090971e_opt_zephyr_sdk_arm_zephyr_eabi_bin____lib_gcc_arm_zephyr_eabi_12_2_0_include___isystem___home_hugo_ncs_toolchains_2be090971e_opt_zephyr_sdk_arm_zephyr_eabi_bin____lib_gcc_arm_zephyr_eabi_12_2_0_include_fixed___Wl___unresolved_symbols_ignore_in_object_files__Wl___entry_0 succeeded with the following output:
Change Dir: /home/hugo/Desktop/basic_01_c_ledbutInterrupt/build/CMakeFiles/CMakeTmp

Run Build Command(s):/home/hugo/ncs/toolchains/2be090971e/usr/local/bin/ninja cmTC_409b2 && [1/2] Building C object CMakeFiles/cmTC_409b2.dir/src.c.obj
[2/2] Linking C executable cmTC_409b2


Source file was:
int main(void) { return 0; }
Performing C SOURCE FILE Test check_C__nostartfiles__nostdlib__isystem___home_hugo_ncs_toolchains_2be090971e_opt_zephyr_sdk_arm_zephyr_eabi_bin____lib_gcc_arm_zephyr_eabi_12_2_0_include___isystem___home_hugo_ncs_toolchains_2be090971e_opt_zephyr_sdk_arm_zephyr_eabi_bin____lib_gcc_arm_zephyr_eabi_12_2_0_include_fixed___Wl___unresolved_symbols_ignore_in_object_files__Wl___entry_0_ succeeded with the following output:
Change Dir: /home/hugo/Desktop/basic_01_c_ledbutInterrupt/build/CMakeFiles/CMakeTmp

Run Build Command(s):/home/hugo/ncs/toolchains/2be090971e/usr/local/bin/ninja cmTC_04ede && [1/2] Building C object CMakeFiles/cmTC_04ede.dir/src.c.obj
[2/2] Linking C executable cmTC_04ede


Source file was:
int main(void) { return 0; }
Performing C SOURCE FILE Test check_Wall_C__nostartfiles__nostdlib__isystem___home_hugo_ncs_toolchains_2be090971e_opt_zephyr_sdk_arm_zephyr_eabi_bin____lib_gcc_arm_zephyr_eabi_12_2_0_include___isystem___home_hugo_ncs_toolchains_2be090971e_opt_zephyr_sdk_arm_zephyr_eabi_bin____lib_gcc_arm_zephyr_eabi_12_2_0_include_fixed___Wl___unresolved_symbols_ignore_in_object_files__Wl___entry_0 succeeded with the following output:
Change Dir: /home/hugo/Desktop/basic_01_c_ledbutInterrupt/build/CMakeFiles/CMakeTmp

Run Build Command(s):/home/hugo/ncs/toolchains/2be090971e/usr/local/bin/ninja cmTC_a086a && [1/2] Building C object CMakeFiles/cmTC_a086a.dir/src.c.obj
[2/2] Linking C executable cmTC_a086a


Source file was:
int main(void) { return 0; }
Performing C SOURCE FILE Test check_Wformat__Wformat_security_C__nostartfiles__nostdlib__isystem___home_hugo_ncs_toolchains_2be090971e_opt_zephyr_sdk_arm_zephyr_eabi_bin____lib_gcc_arm_zephyr_eabi_12_2_0_include___isystem___home_hugo_ncs_toolchains_2be090971e_opt_zephyr_sdk_arm_zephyr_eabi_bin____lib_gcc_arm_zephyr_eabi_12_2_0_include_fixed___Wl___unresolved_symbols_ignore_in_object_files__Wl___entry_0 succeeded with the following output:
Change Dir: /home/hugo/Desktop/basic_01_c_ledbutInterrupt/build/CMakeFiles/CMakeTmp

Run Build Command(s):/home/hugo/ncs/toolchains/2be090971e/usr/local/bin/ninja cmTC_d92ab && [1/2] Building C object CMakeFiles/cmTC_d92ab.dir/src.c.obj
[2/2] Linking C executable cmTC_d92ab


Source file was:
int main(void) { return 0; }
Performing C SOURCE FILE Test check_Wformat__Wformat_zero_length_C__nostartfiles__nostdlib__isystem___home_hugo_ncs_toolchains_2be090971e_opt_zephyr_sdk_arm_zephyr_eabi_bin____lib_gcc_arm_zephyr_eabi_12_2_0_include___isystem___home_hugo_ncs_toolchains_2be090971e_opt_zephyr_sdk_arm_zephyr_eabi_bin____lib_gcc_arm_zephyr_eabi_12_2_0_include_fixed___Wl___unresolved_symbols_ignore_in_object_files__Wl___entry_0 succeeded with the following output:
Change Dir: /home/hugo/Desktop/basic_01_c_ledbutInterrupt/build/CMakeFiles/CMakeTmp

Run Build Command(s):/home/hugo/ncs/toolchains/2be090971e/usr/local/bin/ninja cmTC_d4778 && [1/2] Building C object CMakeFiles/cmTC_d4778.dir/src.c.obj
[2/2] Linking C executable cmTC_d4778


Source file was:
int main(void) { return 0; }
Performing C SOURCE FILE Test check_Wpointer_sign_C__nostartfiles__nostdlib__isystem___home_hugo_ncs_toolchains_2be090971e_opt_zephyr_sdk_arm_zephyr_eabi_bin____lib_gcc_arm_zephyr_eabi_12_2_0_include___isystem___home_hugo_ncs_toolchains_2be090971e_opt_zephyr_sdk_arm_zephyr_eabi_bin____lib_gcc_arm_zephyr_eabi_12_2_0_include_fixed___Wl___unresolved_symbols_ignore_in_object_files__Wl___entry_0 succeeded with the following output:
Change Dir: /home/hugo/Desktop/basic_01_c_ledbutInterrupt/build/CMakeFiles/CMakeTmp

Run Build Command(s):/home/hugo/ncs/toolchains/2be090971e/usr/local/bin/ninja cmTC_44a26 && [1/2] Building C object CMakeFiles/cmTC_44a26.dir/src.c.obj
[2/2] Linking C executable cmTC_44a26


Source file was:
int main(void) { return 0; }
Performing C SOURCE FILE Test check_Wpointer_arith_C__nostartfiles__nostdlib__isystem___home_hugo_ncs_toolchains_2be090971e_opt_zephyr_sdk_arm_zephyr_eabi_bin____lib_gcc_arm_zephyr_eabi_12_2_0_include___isystem___home_hugo_ncs_toolchains_2be090971e_opt_zephyr_sdk_arm_zephyr_eabi_bin____lib_gcc_arm_zephyr_eabi_12_2_0_include_fixed___Wl___unresolved_symbols_ignore_in_object_files__Wl___entry_0 succeeded with the following output:
Change Dir: /home/hugo/Desktop/basic_01_c_ledbutInterrupt/build/CMakeFiles/CMakeTmp

Run Build Command(s):/home/hugo/ncs/toolchains/2be090971e/usr/local/bin/ninja cmTC_565ed && [1/2] Building C object CMakeFiles/cmTC_565ed.dir/src.c.obj
[2/2] Linking C executable cmTC_565ed


Source file was:
int main(void) { return 0; }
Performing C SOURCE FILE Test check_Wexpansion_to_defined_C__nostartfiles__nostdlib__isystem___home_hugo_ncs_toolchains_2be090971e_opt_zephyr_sdk_arm_zephyr_eabi_bin____lib_gcc_arm_zephyr_eabi_12_2_0_include___isystem___home_hugo_ncs_toolchains_2be090971e_opt_zephyr_sdk_arm_zephyr_eabi_bin____lib_gcc_arm_zephyr_eabi_12_2_0_include_fixed___Wl___unresolved_symbols_ignore_in_object_files__Wl___entry_0 succeeded with the following output:
Change Dir: /home/hugo/Desktop/basic_01_c_ledbutInterrupt/build/CMakeFiles/CMakeTmp

Run Build Command(s):/home/hugo/ncs/toolchains/2be090971e/usr/local/bin/ninja cmTC_38969 && [1/2] Building C object CMakeFiles/cmTC_38969.dir/src.c.obj
[2/2] Linking C executable cmTC_38969


Source file was:
int main(void) { return 0; }
Performing C SOURCE FILE Test check_Wlogical_op_C__nostartfiles__nostdlib__isystem___home_hugo_ncs_toolchains_2be090971e_opt_zephyr_sdk_arm_zephyr_eabi_bin____lib_gcc_arm_zephyr_eabi_12_2_0_include___isystem___home_hugo_ncs_toolchains_2be090971e_opt_zephyr_sdk_arm_zephyr_eabi_bin____lib_gcc_arm_zephyr_eabi_12_2_0_include_fixed___Wl___unresolved_symbols_ignore_in_object_files__Wl___entry_0 succeeded with the following output:
Change Dir: /home/hugo/Desktop/basic_01_c_ledbutInterrupt/build/CMakeFiles/CMakeTmp

Run Build Command(s):/home/hugo/ncs/toolchains/2be090971e/usr/local/bin/ninja cmTC_25a7d && [1/2] Building C object CMakeFiles/cmTC_25a7d.dir/src.c.obj
[2/2] Linking C executable cmTC_25a7d


Source file was:
int main(void) { return 0; }
Performing C SOURCE FILE Test check_Wmissing_field_initializers_C__nostartfiles__nostdlib__isystem___home_hugo_ncs_toolchains_2be090971e_opt_zephyr_sdk_arm_zephyr_eabi_bin____lib_gcc_arm_zephyr_eabi_12_2_0_include___isystem___home_hugo_ncs_toolchains_2be090971e_opt_zephyr_sdk_arm_zephyr_eabi_bin____lib_gcc_arm_zephyr_eabi_12_2_0_include_fixed___Wl___unresolved_symbols_ignore_in_object_files__Wl___entry_0 succeeded with the following output:
Change Dir: /home/hugo/Desktop/basic_01_c_ledbutInterrupt/build/CMakeFiles/CMakeTmp

Run Build Command(s):/home/hugo/ncs/toolchains/2be090971e/usr/local/bin/ninja cmTC_702dd && [1/2] Building C object CMakeFiles/cmTC_702dd.dir/src.c.obj
[2/2] Linking C executable cmTC_702dd


Source file was:
int main(void) { return 0; }
Performing C SOURCE FILE Test check_Wpacked_bitfield_compat_C__nostartfiles__nostdlib__isystem___home_hugo_ncs_toolchains_2be090971e_opt_zephyr_sdk_arm_zephyr_eabi_bin____lib_gcc_arm_zephyr_eabi_12_2_0_include___isystem___home_hugo_ncs_toolchains_2be090971e_opt_zephyr_sdk_arm_zephyr_eabi_bin____lib_gcc_arm_zephyr_eabi_12_2_0_include_fixed___Wl___unresolved_symbols_ignore_in_object_files__Wl___entry_0 succeeded with the following output:
Change Dir: /home/hugo/Desktop/basic_01_c_ledbutInterrupt/build/CMakeFiles/CMakeTmp

Run Build Command(s):/home/hugo/ncs/toolchains/2be090971e/usr/local/bin/ninja cmTC_28a81 && [1/2] Building C object CMakeFiles/cmTC_28a81.dir/src.c.obj
[2/2] Linking C executable cmTC_28a81


Source file was:
int main(void) { return 0; }
Performing C SOURCE FILE Test check_Wvla_C__nostartfiles__nostdlib__isystem___home_hugo_ncs_toolchains_2be090971e_opt_zephyr_sdk_arm_zephyr_eabi_bin____lib_gcc_arm_zephyr_eabi_12_2_0_include___isystem___home_hugo_ncs_toolchains_2be090971e_opt_zephyr_sdk_arm_zephyr_eabi_bin____lib_gcc_arm_zephyr_eabi_12_2_0_include_fixed___Wl___unresolved_symbols_ignore_in_object_files__Wl___entry_0 succeeded with the following output:
Change Dir: /home/hugo/Desktop/basic_01_c_ledbutInterrupt/build/CMakeFiles/CMakeTmp

Run Build Command(s):/home/hugo/ncs/toolchains/2be090971e/usr/local/bin/ninja cmTC_be559 && [1/2] Building C object CMakeFiles/cmTC_be559.dir/src.c.obj
[2/2] Linking C executable cmTC_be559


Source file was:
int main(void) { return 0; }
Performing C SOURCE FILE Test check_Wunused_but_set_variable_C__nostartfiles__nostdlib__isystem___home_hugo_ncs_toolchains_2be090971e_opt_zephyr_sdk_arm_zephyr_eabi_bin____lib_gcc_arm_zephyr_eabi_12_2_0_include___isystem___home_hugo_ncs_toolchains_2be090971e_opt_zephyr_sdk_arm_zephyr_eabi_bin____lib_gcc_arm_zephyr_eabi_12_2_0_include_fixed___Wl___unresolved_symbols_ignore_in_object_files__Wl___entry_0 succeeded with the following output:
Change Dir: /home/hugo/Desktop/basic_01_c_ledbutInterrupt/build/CMakeFiles/CMakeTmp

Run Build Command(s):/home/hugo/ncs/toolchains/2be090971e/usr/local/bin/ninja cmTC_67769 && [1/2] Building C object CMakeFiles/cmTC_67769.dir/src.c.obj
[2/2] Linking C executable cmTC_67769


Source file was:
int main(void) { return 0; }
Performing C SOURCE FILE Test check_Werror_implicit_int_C__nostartfiles__nostdlib__isystem___home_hugo_ncs_toolchains_2be090971e_opt_zephyr_sdk_arm_zephyr_eabi_bin____lib_gcc_arm_zephyr_eabi_12_2_0_include___isystem___home_hugo_ncs_toolchains_2be090971e_opt_zephyr_sdk_arm_zephyr_eabi_bin____lib_gcc_arm_zephyr_eabi_12_2_0_include_fixed___Wl___unresolved_symbols_ignore_in_object_files__Wl___entry_0 succeeded with the following output:
Change Dir: /home/hugo/Desktop/basic_01_c_ledbutInterrupt/build/CMakeFiles/CMakeTmp

Run Build Command(s):/home/hugo/ncs/toolchains/2be090971e/usr/local/bin/ninja cmTC_c1a61 && [1/2] Building C object CMakeFiles/cmTC_c1a61.dir/src.c.obj
[2/2] Linking C executable cmTC_c1a61


Source file was:
int main(void) { return 0; }
Performing C SOURCE FILE Test check_mstack_protector_guard_global_C__nostartfiles__nostdlib__isystem___home_hugo_ncs_toolchains_2be090971e_opt_zephyr_sdk_arm_zephyr_eabi_bin____lib_gcc_arm_zephyr_eabi_12_2_0_include___isystem___home_hugo_ncs_toolchains_2be090971e_opt_zephyr_sdk_arm_zephyr_eabi_bin____lib_gcc_arm_zephyr_eabi_12_2_0_include_fixed___Wl___unresolved_symbols_ignore_in_object_files__Wl___entry_0 succeeded with the following output:
Change Dir: /home/hugo/Desktop/basic_01_c_ledbutInterrupt/build/CMakeFiles/CMakeTmp

Run Build Command(s):/home/hugo/ncs/toolchains/2be090971e/usr/local/bin/ninja cmTC_c5dcc && [1/2] Building C object CMakeFiles/cmTC_c5dcc.dir/src.c.obj
[2/2] Linking C executable cmTC_c5dcc


Source file was:
int main(void) { return 0; }
Performing C SOURCE FILE Test check_fno_freestanding_C__nostartfiles__nostdlib__isystem___home_hugo_ncs_toolchains_2be090971e_opt_zephyr_sdk_arm_zephyr_eabi_bin____lib_gcc_arm_zephyr_eabi_12_2_0_include___isystem___home_hugo_ncs_toolchains_2be090971e_opt_zephyr_sdk_arm_zephyr_eabi_bin____lib_gcc_arm_zephyr_eabi_12_2_0_include_fixed___Wl___unresolved_symbols_ignore_in_object_files__Wl___entry_0 succeeded with the following output:
Change Dir: /home/hugo/Desktop/basic_01_c_ledbutInterrupt/build/CMakeFiles/CMakeTmp

Run Build Command(s):/home/hugo/ncs/toolchains/2be090971e/usr/local/bin/ninja cmTC_104f8 && [1/2] Building C object CMakeFiles/cmTC_104f8.dir/src.c.obj
[2/2] Linking C executable cmTC_104f8


Source file was:
int main(void) { return 0; }
Performing C SOURCE FILE Test check_ffreestanding_C__nostartfiles__nostdlib__isystem___home_hugo_ncs_toolchains_2be090971e_opt_zephyr_sdk_arm_zephyr_eabi_bin____lib_gcc_arm_zephyr_eabi_12_2_0_include___isystem___home_hugo_ncs_toolchains_2be090971e_opt_zephyr_sdk_arm_zephyr_eabi_bin____lib_gcc_arm_zephyr_eabi_12_2_0_include_fixed___Wl___unresolved_symbols_ignore_in_object_files__Wl___entry_0 succeeded with the following output:
Change Dir: /home/hugo/Desktop/basic_01_c_ledbutInterrupt/build/CMakeFiles/CMakeTmp

Run Build Command(s):/home/hugo/ncs/toolchains/2be090971e/usr/local/bin/ninja cmTC_df623 && [1/2] Building C object CMakeFiles/cmTC_df623.dir/src.c.obj
[2/2] Linking C executable cmTC_df623


Source file was:
int main(void) { return 0; }
Performing C SOURCE FILE Test check_gdwarf_4_C__nostartfiles__nostdlib__isystem___home_hugo_ncs_toolchains_2be090971e_opt_zephyr_sdk_arm_zephyr_eabi_bin____lib_gcc_arm_zephyr_eabi_12_2_0_include___isystem___home_hugo_ncs_toolchains_2be090971e_opt_zephyr_sdk_arm_zephyr_eabi_bin____lib_gcc_arm_zephyr_eabi_12_2_0_include_fixed___Wl___unresolved_symbols_ignore_in_object_files__Wl___entry_0 succeeded with the following output:
Change Dir: /home/hugo/Desktop/basic_01_c_ledbutInterrupt/build/CMakeFiles/CMakeTmp

Run Build Command(s):/home/hugo/ncs/toolchains/2be090971e/usr/local/bin/ninja cmTC_f81df && [1/2] Building C object CMakeFiles/cmTC_f81df.dir/src.c.obj
[2/2] Linking C executable cmTC_f81df


Source file was:
int main(void) { return 0; }
Performing C SOURCE FILE Test check_C__nostartfiles__nostdlib__isystem___home_hugo_ncs_toolchains_2be090971e_opt_zephyr_sdk_arm_zephyr_eabi_bin____lib_gcc_arm_zephyr_eabi_12_2_0_include___isystem___home_hugo_ncs_toolchains_2be090971e_opt_zephyr_sdk_arm_zephyr_eabi_bin____lib_gcc_arm_zephyr_eabi_12_2_0_include_fixed___Wl___unresolved_symbols_ignore_in_object_files__Wl___entry_0__Wl___print_memory_usage succeeded with the following output:
Change Dir: /home/hugo/Desktop/basic_01_c_ledbutInterrupt/build/CMakeFiles/CMakeTmp

Run Build Command(s):/home/hugo/ncs/toolchains/2be090971e/usr/local/bin/ninja cmTC_3ef3d && [1/2] Building C object CMakeFiles/cmTC_3ef3d.dir/src.c.obj
[2/2] Linking C executable cmTC_3ef3d
Memory region         Used Size  Region Size  %age Used


Source file was:
int main(void) { return 0; }
Performing C SOURCE FILE Test check_C__nostartfiles__nostdlib__isystem___home_hugo_ncs_toolchains_2be090971e_opt_zephyr_sdk_arm_zephyr_eabi_bin____lib_gcc_arm_zephyr_eabi_12_2_0_include___isystem___home_hugo_ncs_toolchains_2be090971e_opt_zephyr_sdk_arm_zephyr_eabi_bin____lib_gcc_arm_zephyr_eabi_12_2_0_include_fixed___Wl___unresolved_symbols_ignore_in_object_files__Wl___entry_0__pg succeeded with the following output:
Change Dir: /home/hugo/Desktop/basic_01_c_ledbutInterrupt/build/CMakeFiles/CMakeTmp

Run Build Command(s):/home/hugo/ncs/toolchains/2be090971e/usr/local/bin/ninja cmTC_1f112 && [1/2] Building C object CMakeFiles/cmTC_1f112.dir/src.c.obj
[2/2] Linking C executable cmTC_1f112


Source file was:
int main(void) { return 0; }
Performing C SOURCE FILE Test check_C__nostartfiles__nostdlib__isystem___home_hugo_ncs_toolchains_2be090971e_opt_zephyr_sdk_arm_zephyr_eabi_bin____lib_gcc_arm_zephyr_eabi_12_2_0_include___isystem___home_hugo_ncs_toolchains_2be090971e_opt_zephyr_sdk_arm_zephyr_eabi_bin____lib_gcc_arm_zephyr_eabi_12_2_0_include_fixed___Wl___unresolved_symbols_ignore_in_object_files__Wl___entry_0__mcpu_cortex_m4__mthumb__mabi_aapcs__mfp16_format_ieee__mtp_soft succeeded with the following output:
Change Dir: /home/hugo/Desktop/basic_01_c_ledbutInterrupt/build/CMakeFiles/CMakeTmp

Run Build Command(s):/home/hugo/ncs/toolchains/2be090971e/usr/local/bin/ninja cmTC_65aac && [1/2] Building C object CMakeFiles/cmTC_65aac.dir/src.c.obj
[2/2] Linking C executable cmTC_65aac


Source file was:
int main(void) { return 0; }
Performing C SOURCE FILE Test check_C__nostartfiles__nostdlib__isystem___home_hugo_ncs_toolchains_2be090971e_opt_zephyr_sdk_arm_zephyr_eabi_bin____lib_gcc_arm_zephyr_eabi_12_2_0_include___isystem___home_hugo_ncs_toolchains_2be090971e_opt_zephyr_sdk_arm_zephyr_eabi_bin____lib_gcc_arm_zephyr_eabi_12_2_0_include_fixed___Wl___unresolved_symbols_ignore_in_object_files__Wl___entry_0__Wl___gc_sections succeeded with the following output:
Change Dir: /home/hugo/Desktop/basic_01_c_ledbutInterrupt/build/CMakeFiles/CMakeTmp

Run Build Command(s):/home/hugo/ncs/toolchains/2be090971e/usr/local/bin/ninja cmTC_64f57 && [1/2] Building C object CMakeFiles/cmTC_64f57.dir/src.c.obj
[2/2] Linking C executable cmTC_64f57


Source file was:
int main(void) { return 0; }
Performing C SOURCE FILE Test check_C__nostartfiles__nostdlib__isystem___home_hugo_ncs_toolchains_2be090971e_opt_zephyr_sdk_arm_zephyr_eabi_bin____lib_gcc_arm_zephyr_eabi_12_2_0_include___isystem___home_hugo_ncs_toolchains_2be090971e_opt_zephyr_sdk_arm_zephyr_eabi_bin____lib_gcc_arm_zephyr_eabi_12_2_0_include_fixed___Wl___unresolved_symbols_ignore_in_object_files__Wl___entry_0__Wl___build_id_none succeeded with the following output:
Change Dir: /home/hugo/Desktop/basic_01_c_ledbutInterrupt/build/CMakeFiles/CMakeTmp

Run Build Command(s):/home/hugo/ncs/toolchains/2be090971e/usr/local/bin/ninja cmTC_0bd24 && [1/2] Building C object CMakeFiles/cmTC_0bd24.dir/src.c.obj
[2/2] Linking C executable cmTC_0bd24


Source file was:
int main(void) { return 0; }
Performing C SOURCE FILE Test check_C__nostartfiles__nostdlib__isystem___home_hugo_ncs_toolchains_2be090971e_opt_zephyr_sdk_arm_zephyr_eabi_bin____lib_gcc_arm_zephyr_eabi_12_2_0_include___isystem___home_hugo_ncs_toolchains_2be090971e_opt_zephyr_sdk_arm_zephyr_eabi_bin____lib_gcc_arm_zephyr_eabi_12_2_0_include_fixed___Wl___unresolved_symbols_ignore_in_object_files__Wl___entry_0__Wl___sort_common_descending succeeded with the following output:
Change Dir: /home/hugo/Desktop/basic_01_c_ledbutInterrupt/build/CMakeFiles/CMakeTmp

Run Build Command(s):/home/hugo/ncs/toolchains/2be090971e/usr/local/bin/ninja cmTC_e9b87 && [1/2] Building C object CMakeFiles/cmTC_e9b87.dir/src.c.obj
[2/2] Linking C executable cmTC_e9b87


Source file was:
int main(void) { return 0; }
Performing C SOURCE FILE Test check_C__nostartfiles__nostdlib__isystem___home_hugo_ncs_toolchains_2be090971e_opt_zephyr_sdk_arm_zephyr_eabi_bin____lib_gcc_arm_zephyr_eabi_12_2_0_include___isystem___home_hugo_ncs_toolchains_2be090971e_opt_zephyr_sdk_arm_zephyr_eabi_bin____lib_gcc_arm_zephyr_eabi_12_2_0_include_fixed___Wl___unresolved_symbols_ignore_in_object_files__Wl___entry_0__Wl___sort_section_alignment succeeded with the following output:
Change Dir: /home/hugo/Desktop/basic_01_c_ledbutInterrupt/build/CMakeFiles/CMakeTmp

Run Build Command(s):/home/hugo/ncs/toolchains/2be090971e/usr/local/bin/ninja cmTC_676f4 && [1/2] Building C object CMakeFiles/cmTC_676f4.dir/src.c.obj
[2/2] Linking C executable cmTC_676f4


Source file was:
int main(void) { return 0; }
Performing C SOURCE FILE Test check_C__nostartfiles__nostdlib__isystem___home_hugo_ncs_toolchains_2be090971e_opt_zephyr_sdk_arm_zephyr_eabi_bin____lib_gcc_arm_zephyr_eabi_12_2_0_include___isystem___home_hugo_ncs_toolchains_2be090971e_opt_zephyr_sdk_arm_zephyr_eabi_bin____lib_gcc_arm_zephyr_eabi_12_2_0_include_fixed___Wl___unresolved_symbols_ignore_in_object_files__Wl___entry_0__nostdlib succeeded with the following output:
Change Dir: /home/hugo/Desktop/basic_01_c_ledbutInterrupt/build/CMakeFiles/CMakeTmp

Run Build Command(s):/home/hugo/ncs/toolchains/2be090971e/usr/local/bin/ninja cmTC_a8075 && [1/2] Building C object CMakeFiles/cmTC_a8075.dir/src.c.obj
[2/2] Linking C executable cmTC_a8075


Source file was:
int main(void) { return 0; }
Performing C SOURCE FILE Test check_C__nostartfiles__nostdlib__isystem___home_hugo_ncs_toolchains_2be090971e_opt_zephyr_sdk_arm_zephyr_eabi_bin____lib_gcc_arm_zephyr_eabi_12_2_0_include___isystem___home_hugo_ncs_toolchains_2be090971e_opt_zephyr_sdk_arm_zephyr_eabi_bin____lib_gcc_arm_zephyr_eabi_12_2_0_include_fixed___Wl___unresolved_symbols_ignore_in_object_files__Wl___entry_0__static succeeded with the following output:
Change Dir: /home/hugo/Desktop/basic_01_c_ledbutInterrupt/build/CMakeFiles/CMakeTmp

Run Build Command(s):/home/hugo/ncs/toolchains/2be090971e/usr/local/bin/ninja cmTC_1f121 && [1/2] Building C object CMakeFiles/cmTC_1f121.dir/src.c.obj
[2/2] Linking C executable cmTC_1f121


Source file was:
int main(void) { return 0; }
Performing C SOURCE FILE Test check_C__nostartfiles__nostdlib__isystem___home_hugo_ncs_toolchains_2be090971e_opt_zephyr_sdk_arm_zephyr_eabi_bin____lib_gcc_arm_zephyr_eabi_12_2_0_include___isystem___home_hugo_ncs_toolchains_2be090971e_opt_zephyr_sdk_arm_zephyr_eabi_bin____lib_gcc_arm_zephyr_eabi_12_2_0_include_fixed___Wl___unresolved_symbols_ignore_in_object_files__Wl___entry_0__Wl__X succeeded with the following output:
Change Dir: /home/hugo/Desktop/basic_01_c_ledbutInterrupt/build/CMakeFiles/CMakeTmp

Run Build Command(s):/home/hugo/ncs/toolchains/2be090971e/usr/local/bin/ninja cmTC_80f74 && [1/2] Building C object CMakeFiles/cmTC_80f74.dir/src.c.obj
[2/2] Linking C executable cmTC_80f74


Source file was:
int main(void) { return 0; }
Performing C SOURCE FILE Test check_C__nostartfiles__nostdlib__isystem___home_hugo_ncs_toolchains_2be090971e_opt_zephyr_sdk_arm_zephyr_eabi_bin____lib_gcc_arm_zephyr_eabi_12_2_0_include___isystem___home_hugo_ncs_toolchains_2be090971e_opt_zephyr_sdk_arm_zephyr_eabi_bin____lib_gcc_arm_zephyr_eabi_12_2_0_include_fixed___Wl___unresolved_symbols_ignore_in_object_files__Wl___entry_0__Wl__N succeeded with the following output:
Change Dir: /home/hugo/Desktop/basic_01_c_ledbutInterrupt/build/CMakeFiles/CMakeTmp

Run Build Command(s):/home/hugo/ncs/toolchains/2be090971e/usr/local/bin/ninja cmTC_1ab99 && [1/2] Building C object CMakeFiles/cmTC_1ab99.dir/src.c.obj
[2/2] Linking C executable cmTC_1ab99


Source file was:
int main(void) { return 0; }
Performing C SOURCE FILE Test check_C__nostartfiles__nostdlib__isystem___home_hugo_ncs_toolchains_2be090971e_opt_zephyr_sdk_arm_zephyr_eabi_bin____lib_gcc_arm_zephyr_eabi_12_2_0_include___isystem___home_hugo_ncs_toolchains_2be090971e_opt_zephyr_sdk_arm_zephyr_eabi_bin____lib_gcc_arm_zephyr_eabi_12_2_0_include_fixed___Wl___unresolved_symbols_ignore_in_object_files__Wl___entry_0__Wl___orphan_handling_warn succeeded with the following output:
Change Dir: /home/hugo/Desktop/basic_01_c_ledbutInterrupt/build/CMakeFiles/CMakeTmp

Run Build Command(s):/home/hugo/ncs/toolchains/2be090971e/usr/local/bin/ninja cmTC_0740c && [1/2] Building C object CMakeFiles/cmTC_0740c.dir/src.c.obj
[2/2] Linking C executable cmTC_0740c


Source file was:
int main(void) { return 0; }
Performing C SOURCE FILE Test check_fno_asynchronous_unwind_tables_C__nostartfiles__nostdlib__isystem___home_hugo_ncs_toolchains_2be090971e_opt_zephyr_sdk_arm_zephyr_eabi_bin____lib_gcc_arm_zephyr_eabi_12_2_0_include___isystem___home_hugo_ncs_toolchains_2be090971e_opt_zephyr_sdk_arm_zephyr_eabi_bin____lib_gcc_arm_zephyr_eabi_12_2_0_include_fixed___Wl___unresolved_symbols_ignore_in_object_files__Wl___entry_0 succeeded with the following output:
Change Dir: /home/hugo/Desktop/basic_01_c_ledbutInterrupt/build/CMakeFiles/CMakeTmp

Run Build Command(s):/home/hugo/ncs/toolchains/2be090971e/usr/local/bin/ninja cmTC_8a1ed && [1/2] Building C object CMakeFiles/cmTC_8a1ed.dir/src.c.obj
[2/2] Linking C executable cmTC_8a1ed


Source file was:
int main(void) { return 0; }
Performing C SOURCE FILE Test check_ftls_model_local_exec_C__nostartfiles__nostdlib__isystem___home_hugo_ncs_toolchains_2be090971e_opt_zephyr_sdk_arm_zephyr_eabi_bin____lib_gcc_arm_zephyr_eabi_12_2_0_include___isystem___home_hugo_ncs_toolchains_2be090971e_opt_zephyr_sdk_arm_zephyr_eabi_bin____lib_gcc_arm_zephyr_eabi_12_2_0_include_fixed___Wl___unresolved_symbols_ignore_in_object_files__Wl___entry_0 succeeded with the following output:
Change Dir: /home/hugo/Desktop/basic_01_c_ledbutInterrupt/build/CMakeFiles/CMakeTmp

Run Build Command(s):/home/hugo/ncs/toolchains/2be090971e/usr/local/bin/ninja cmTC_2d67b && [1/2] Building C object CMakeFiles/cmTC_2d67b.dir/src.c.obj
[2/2] Linking C executable cmTC_2d67b


Source file was:
int main(void) { return 0; }
Performing C SOURCE FILE Test check_fno_reorder_functions_C__nostartfiles__nostdlib__isystem___home_hugo_ncs_toolchains_2be090971e_opt_zephyr_sdk_arm_zephyr_eabi_bin____lib_gcc_arm_zephyr_eabi_12_2_0_include___isystem___home_hugo_ncs_toolchains_2be090971e_opt_zephyr_sdk_arm_zephyr_eabi_bin____lib_gcc_arm_zephyr_eabi_12_2_0_include_fixed___Wl___unresolved_symbols_ignore_in_object_files__Wl___entry_0 succeeded with the following output:
Change Dir: /home/hugo/Desktop/basic_01_c_ledbutInterrupt/build/CMakeFiles/CMakeTmp

Run Build Command(s):/home/hugo/ncs/toolchains/2be090971e/usr/local/bin/ninja cmTC_4f631 && [1/2] Building C object CMakeFiles/cmTC_4f631.dir/src.c.obj
[2/2] Linking C executable cmTC_4f631


Source file was:
int main(void) { return 0; }
Performing C SOURCE FILE Test check__param_min_pagesize_0_C__nostartfiles__nostdlib__isystem___home_hugo_ncs_toolchains_2be090971e_opt_zephyr_sdk_arm_zephyr_eabi_bin____lib_gcc_arm_zephyr_eabi_12_2_0_include___isystem___home_hugo_ncs_toolchains_2be090971e_opt_zephyr_sdk_arm_zephyr_eabi_bin____lib_gcc_arm_zephyr_eabi_12_2_0_include_fixed___Wl___unresolved_symbols_ignore_in_object_files__Wl___entry_0 succeeded with the following output:
Change Dir: /home/hugo/Desktop/basic_01_c_ledbutInterrupt/build/CMakeFiles/CMakeTmp

Run Build Command(s):/home/hugo/ncs/toolchains/2be090971e/usr/local/bin/ninja cmTC_7e82f && [1/2] Building C object CMakeFiles/cmTC_7e82f.dir/src.c.obj
[2/2] Linking C executable cmTC_7e82f


Source file was:
int main(void) { return 0; }
Performing C SOURCE FILE Test check_fno_defer_pop_C__nostartfiles__nostdlib__isystem___home_hugo_ncs_toolchains_2be090971e_opt_zephyr_sdk_arm_zephyr_eabi_bin____lib_gcc_arm_zephyr_eabi_12_2_0_include___isystem___home_hugo_ncs_toolchains_2be090971e_opt_zephyr_sdk_arm_zephyr_eabi_bin____lib_gcc_arm_zephyr_eabi_12_2_0_include_fixed___Wl___unresolved_symbols_ignore_in_object_files__Wl___entry_0 succeeded with the following output:
Change Dir: /home/hugo/Desktop/basic_01_c_ledbutInterrupt/build/CMakeFiles/CMakeTmp

Run Build Command(s):/home/hugo/ncs/toolchains/2be090971e/usr/local/bin/ninja cmTC_90e83 && [1/2] Building C object CMakeFiles/cmTC_90e83.dir/src.c.obj
[2/2] Linking C executable cmTC_90e83


Source file was:
int main(void) { return 0; }
Performing C SOURCE FILE Test check_fmacro_prefix_map__home_hugo_Desktop_basic_01_c_ledbutInterrupt_CMAKE_SOURCE_DIR_C__nostartfiles__nostdlib__isystem___home_hugo_ncs_toolchains_2be090971e_opt_zephyr_sdk_arm_zephyr_eabi_bin____lib_gcc_arm_zephyr_eabi_12_2_0_include___isystem___home_hugo_ncs_toolchains_2be090971e_opt_zephyr_sdk_arm_zephyr_eabi_bin____lib_gcc_arm_zephyr_eabi_12_2_0_include_fixed___Wl___unresolved_symbols_ignore_in_object_files__Wl___entry_0 succeeded with the following output:
Change Dir: /home/hugo/Desktop/basic_01_c_ledbutInterrupt/build/CMakeFiles/CMakeTmp

Run Build Command(s):/home/hugo/ncs/toolchains/2be090971e/usr/local/bin/ninja cmTC_832ee && [1/2] Building C object CMakeFiles/cmTC_832ee.dir/src.c.obj
[2/2] Linking C executable cmTC_832ee


Source file was:
int main(void) { return 0; }
Performing C SOURCE FILE Test check_fmacro_prefix_map__home_hugo_ncs_v2_6_1_zephyr_ZEPHYR_BASE_C__nostartfiles__nostdlib__isystem___home_hugo_ncs_toolchains_2be090971e_opt_zephyr_sdk_arm_zephyr_eabi_bin____lib_gcc_arm_zephyr_eabi_12_2_0_include___isystem___home_hugo_ncs_toolchains_2be090971e_opt_zephyr_sdk_arm_zephyr_eabi_bin____lib_gcc_arm_zephyr_eabi_12_2_0_include_fixed___Wl___unresolved_symbols_ignore_in_object_files__Wl___entry_0 succeeded with the following output:
Change Dir: /home/hugo/Desktop/basic_01_c_ledbutInterrupt/build/CMakeFiles/CMakeTmp

Run Build Command(s):/home/hugo/ncs/toolchains/2be090971e/usr/local/bin/ninja cmTC_e26a8 && [1/2] Building C object CMakeFiles/cmTC_e26a8.dir/src.c.obj
[2/2] Linking C executable cmTC_e26a8


Source file was:
int main(void) { return 0; }
Performing C SOURCE FILE Test check_fmacro_prefix_map__home_hugo_ncs_v2_6_1_WEST_TOPDIR_C__nostartfiles__nostdlib__isystem___home_hugo_ncs_toolchains_2be090971e_opt_zephyr_sdk_arm_zephyr_eabi_bin____lib_gcc_arm_zephyr_eabi_12_2_0_include___isystem___home_hugo_ncs_toolchains_2be090971e_opt_zephyr_sdk_arm_zephyr_eabi_bin____lib_gcc_arm_zephyr_eabi_12_2_0_include_fixed___Wl___unresolved_symbols_ignore_in_object_files__Wl___entry_0 succeeded with the following output:
Change Dir: /home/hugo/Desktop/basic_01_c_ledbutInterrupt/build/CMakeFiles/CMakeTmp

Run Build Command(s):/home/hugo/ncs/toolchains/2be090971e/usr/local/bin/ninja cmTC_a4dbc && [1/2] Building C object CMakeFiles/cmTC_a4dbc.dir/src.c.obj
[2/2] Linking C executable cmTC_a4dbc


Source file was:
int main(void) { return 0; }
Performing C SOURCE FILE Test check_ffunction_sections_C__nostartfiles__nostdlib__isystem___home_hugo_ncs_toolchains_2be090971e_opt_zephyr_sdk_arm_zephyr_eabi_bin____lib_gcc_arm_zephyr_eabi_12_2_0_include___isystem___home_hugo_ncs_toolchains_2be090971e_opt_zephyr_sdk_arm_zephyr_eabi_bin____lib_gcc_arm_zephyr_eabi_12_2_0_include_fixed___Wl___unresolved_symbols_ignore_in_object_files__Wl___entry_0 succeeded with the following output:
Change Dir: /home/hugo/Desktop/basic_01_c_ledbutInterrupt/build/CMakeFiles/CMakeTmp

Run Build Command(s):/home/hugo/ncs/toolchains/2be090971e/usr/local/bin/ninja cmTC_fe999 && [1/2] Building C object CMakeFiles/cmTC_fe999.dir/src.c.obj
[2/2] Linking C executable cmTC_fe999


Source file was:
int main(void) { return 0; }
Performing C SOURCE FILE Test check_fdata_sections_C__nostartfiles__nostdlib__isystem___home_hugo_ncs_toolchains_2be090971e_opt_zephyr_sdk_arm_zephyr_eabi_bin____lib_gcc_arm_zephyr_eabi_12_2_0_include___isystem___home_hugo_ncs_toolchains_2be090971e_opt_zephyr_sdk_arm_zephyr_eabi_bin____lib_gcc_arm_zephyr_eabi_12_2_0_include_fixed___Wl___unresolved_symbols_ignore_in_object_files__Wl___entry_0 succeeded with the following output:
Change Dir: /home/hugo/Desktop/basic_01_c_ledbutInterrupt/build/CMakeFiles/CMakeTmp

Run Build Command(s):/home/hugo/ncs/toolchains/2be090971e/usr/local/bin/ninja cmTC_a0895 && [1/2] Building C object CMakeFiles/cmTC_a0895.dir/src.c.obj
[2/2] Linking C executable cmTC_a0895


Source file was:
int main(void) { return 0; }
